---------------------------------------------------------------

[2021-04-06T09:31:14+08:00] ::1 GET localhost/test/public/index.php/
[运行时间：1.107047s] [吞吐率：0.90req/s] [内存消耗：3,247.88kb] [文件加载：112]
[ info ] [ LANG ] D:\phpstudy_pro\WWW\test\thinkphp\lang\zh-cn.php
[ info ] [ ROUTE ] array (
)
[ info ] [ HEADER ] array (
  'accept-language' => 'zh-CN,zh;q=0.9,zh-TW;q=0.8,en-US;q=0.7,en;q=0.6',
  'accept-encoding' => 'gzip, deflate, br',
  'sec-fetch-dest' => 'document',
  'sec-fetch-user' => '?1',
  'sec-fetch-mode' => 'navigate',
  'sec-fetch-site' => 'none',
  'accept' => 'text/html,application/xhtml+xml,application/xml;q=0.9,image/avif,image/webp,image/apng,*/*;q=0.8,application/signed-exchange;v=b3;q=0.9',
  'user-agent' => 'Mozilla/5.0 (Windows NT 10.0; Win64; x64) AppleWebKit/537.36 (KHTML, like Gecko) Chrome/89.0.4389.114 Safari/537.36',
  'upgrade-insecure-requests' => '1',
  'sec-ch-ua-mobile' => '?0',
  'sec-ch-ua' => '"Google Chrome";v="89", "Chromium";v="89", ";Not A Brand";v="99"',
  'connection' => 'close',
  'host' => 'localhost',
)
[ info ] [ PARAM ] array (
)
---------------------------------------------------------------

[2021-04-06T09:31:14+08:00] ::1 GET localhost/test/public/index.php/report/index/login.html
[运行时间：0.166143s] [吞吐率：6.02req/s] [内存消耗：3,377.26kb] [文件加载：113]
[ info ] [ LANG ] D:\phpstudy_pro\WWW\test\thinkphp\lang\zh-cn.php
[ info ] [ ROUTE ] array (
)
[ info ] [ HEADER ] array (
  'accept-language' => 'zh-CN,zh;q=0.9,zh-TW;q=0.8,en-US;q=0.7,en;q=0.6',
  'accept-encoding' => 'gzip, deflate, br',
  'sec-ch-ua-mobile' => '?0',
  'sec-ch-ua' => '"Google Chrome";v="89", "Chromium";v="89", ";Not A Brand";v="99"',
  'sec-fetch-dest' => 'document',
  'sec-fetch-user' => '?1',
  'sec-fetch-mode' => 'navigate',
  'sec-fetch-site' => 'none',
  'accept' => 'text/html,application/xhtml+xml,application/xml;q=0.9,image/avif,image/webp,image/apng,*/*;q=0.8,application/signed-exchange;v=b3;q=0.9',
  'user-agent' => 'Mozilla/5.0 (Windows NT 10.0; Win64; x64) AppleWebKit/537.36 (KHTML, like Gecko) Chrome/89.0.4389.114 Safari/537.36',
  'upgrade-insecure-requests' => '1',
  'connection' => 'close',
  'host' => 'localhost',
)
[ info ] [ PARAM ] array (
)
[ info ] [ VIEW ] D:\phpstudy_pro\WWW\test\application\report\view\index\login.html [ array (
  0 => '_admin_base_layout',
  1 => 'system_color',
  2 => '_pop',
) ]
