---------------------------------------------------------------

[2021-03-31T17:26:06+08:00] ::1 POST localhost/test/public/index.php/report/index/upload.html
[运行时间：0.036627s] [吞吐率：27.30req/s] [内存消耗：4,307.98kb] [文件加载：120]
[ info ] [ LANG ] D:\phpstudy_pro\WWW\test\thinkphp\lang\zh-cn.php
[ info ] [ ROUTE ] array (
)
[ info ] [ HEADER ] array (
  'cookie' => 'PHPSESSID=gjctf61u98fd3tfmc1bvd39b5i; ma___forward__=%2Ftest%2Fpublic%2Fadmin.php%2Fcms%2Fdocument%2Findex.html',
  'accept-language' => 'zh-CN,zh;q=0.9,zh-TW;q=0.8,en-US;q=0.7,en;q=0.6',
  'accept-encoding' => 'gzip, deflate, br',
  'referer' => 'http://localhost/test/public/index.php/report/index/edit.html?id=1',
  'sec-fetch-dest' => 'empty',
  'sec-fetch-mode' => 'cors',
  'sec-fetch-site' => 'same-origin',
  'origin' => 'http://localhost',
  'content-type' => 'multipart/form-data; boundary=----WebKitFormBoundary541CndePACjX90Zh',
  'user-agent' => 'Mozilla/5.0 (Windows NT 10.0; Win64; x64) AppleWebKit/537.36 (KHTML, like Gecko) Chrome/89.0.4389.90 Safari/537.36',
  'sec-ch-ua-mobile' => '?0',
  'x-requested-with' => 'XMLHttpRequest',
  'accept' => 'application/json, text/javascript, */*; q=0.01',
  'sec-ch-ua' => '"Google Chrome";v="89", "Chromium";v="89", ";Not A Brand";v="99"',
  'content-length' => '74936',
  'connection' => 'close',
  'host' => 'localhost',
)
[ info ] [ PARAM ] array (
)
[ info ] [ DB ] INIT mysql
[ sql ] [ DB ] CONNECT:[ UseTime:0.000625s ] mysql:host=127.0.0.1;port=3306;dbname=test;charset=utf8
[ sql ] [ SQL ] SHOW COLUMNS FROM `jd_admin_attachment` [ RunTime:0.000594s ]
[ sql ] [ SQL ] SELECT * FROM `jd_admin_attachment` WHERE  `md5` = '53faffb813205d220292765decf9d247' LIMIT 1 [ RunTime:0.000248s ]
---------------------------------------------------------------

[2021-03-31T17:28:41+08:00] ::1 GET localhost/test/public/index.php/report/index/edit.html?id=1
[运行时间：0.092284s] [吞吐率：10.84req/s] [内存消耗：4,415.91kb] [文件加载：120]
[ info ] [ LANG ] D:\phpstudy_pro\WWW\test\thinkphp\lang\zh-cn.php
[ info ] [ ROUTE ] array (
)
[ info ] [ HEADER ] array (
  'cookie' => 'PHPSESSID=gjctf61u98fd3tfmc1bvd39b5i; ma___forward__=%2Ftest%2Fpublic%2Fadmin.php%2Fcms%2Fdocument%2Findex.html',
  'accept-language' => 'zh-CN,zh;q=0.9,zh-TW;q=0.8,en-US;q=0.7,en;q=0.6',
  'accept-encoding' => 'gzip, deflate, br',
  'referer' => 'http://localhost/test/public/index.php/report/index/grzx/number/13023777137.html',
  'sec-fetch-dest' => 'document',
  'sec-fetch-user' => '?1',
  'sec-fetch-mode' => 'navigate',
  'sec-fetch-site' => 'same-origin',
  'accept' => 'text/html,application/xhtml+xml,application/xml;q=0.9,image/avif,image/webp,image/apng,*/*;q=0.8,application/signed-exchange;v=b3;q=0.9',
  'user-agent' => 'Mozilla/5.0 (Windows NT 10.0; Win64; x64) AppleWebKit/537.36 (KHTML, like Gecko) Chrome/89.0.4389.90 Safari/537.36',
  'upgrade-insecure-requests' => '1',
  'sec-ch-ua-mobile' => '?0',
  'sec-ch-ua' => '"Google Chrome";v="89", "Chromium";v="89", ";Not A Brand";v="99"',
  'cache-control' => 'max-age=0',
  'connection' => 'close',
  'host' => 'localhost',
)
[ info ] [ PARAM ] array (
  'id' => '1',
)
[ info ] [ DB ] INIT mysql
[ info ] [ VIEW ] D:\phpstudy_pro\WWW\test\application\report\view\index\edit.html [ array (
  0 => '_admin_base_layout',
  1 => 'system_color',
  2 => '_pop',
  3 => 'res',
) ]
[ sql ] [ DB ] CONNECT:[ UseTime:0.000668s ] mysql:host=127.0.0.1;port=3306;dbname=test;charset=utf8
[ sql ] [ SQL ] SHOW COLUMNS FROM `jd_report_online` [ RunTime:0.000612s ]
[ sql ] [ SQL ] SELECT * FROM `jd_report_online` WHERE  `id` = 1 [ RunTime:0.000289s ]
---------------------------------------------------------------

[2021-03-31T17:28:43+08:00] ::1 POST localhost/test/public/index.php/report/index/upload.html
[运行时间：0.039262s] [吞吐率：25.47req/s] [内存消耗：4,308.03kb] [文件加载：120]
[ info ] [ LANG ] D:\phpstudy_pro\WWW\test\thinkphp\lang\zh-cn.php
[ info ] [ ROUTE ] array (
)
[ info ] [ HEADER ] array (
  'cookie' => 'PHPSESSID=gjctf61u98fd3tfmc1bvd39b5i; ma___forward__=%2Ftest%2Fpublic%2Fadmin.php%2Fcms%2Fdocument%2Findex.html',
  'accept-language' => 'zh-CN,zh;q=0.9,zh-TW;q=0.8,en-US;q=0.7,en;q=0.6',
  'accept-encoding' => 'gzip, deflate, br',
  'referer' => 'http://localhost/test/public/index.php/report/index/edit.html?id=1',
  'sec-fetch-dest' => 'empty',
  'sec-fetch-mode' => 'cors',
  'sec-fetch-site' => 'same-origin',
  'origin' => 'http://localhost',
  'content-type' => 'multipart/form-data; boundary=----WebKitFormBoundary8NBDb41R2c0Pj8lA',
  'user-agent' => 'Mozilla/5.0 (Windows NT 10.0; Win64; x64) AppleWebKit/537.36 (KHTML, like Gecko) Chrome/89.0.4389.90 Safari/537.36',
  'sec-ch-ua-mobile' => '?0',
  'x-requested-with' => 'XMLHttpRequest',
  'accept' => 'application/json, text/javascript, */*; q=0.01',
  'sec-ch-ua' => '"Google Chrome";v="89", "Chromium";v="89", ";Not A Brand";v="99"',
  'content-length' => '156012',
  'connection' => 'close',
  'host' => 'localhost',
)
[ info ] [ PARAM ] array (
)
[ info ] [ DB ] INIT mysql
[ sql ] [ DB ] CONNECT:[ UseTime:0.000693s ] mysql:host=127.0.0.1;port=3306;dbname=test;charset=utf8
[ sql ] [ SQL ] SHOW COLUMNS FROM `jd_admin_attachment` [ RunTime:0.000621s ]
[ sql ] [ SQL ] SELECT * FROM `jd_admin_attachment` WHERE  `md5` = '3c467c7301a99380aa95105b56cb436c' LIMIT 1 [ RunTime:0.000316s ]
---------------------------------------------------------------

[2021-03-31T17:28:47+08:00] ::1 POST localhost/test/public/index.php/report/index/upload.html
[运行时间：0.037357s] [吞吐率：26.77req/s] [内存消耗：4,308.02kb] [文件加载：120]
[ info ] [ LANG ] D:\phpstudy_pro\WWW\test\thinkphp\lang\zh-cn.php
[ info ] [ ROUTE ] array (
)
[ info ] [ HEADER ] array (
  'cookie' => 'PHPSESSID=gjctf61u98fd3tfmc1bvd39b5i; ma___forward__=%2Ftest%2Fpublic%2Fadmin.php%2Fcms%2Fdocument%2Findex.html',
  'accept-language' => 'zh-CN,zh;q=0.9,zh-TW;q=0.8,en-US;q=0.7,en;q=0.6',
  'accept-encoding' => 'gzip, deflate, br',
  'referer' => 'http://localhost/test/public/index.php/report/index/edit.html?id=1',
  'sec-fetch-dest' => 'empty',
  'sec-fetch-mode' => 'cors',
  'sec-fetch-site' => 'same-origin',
  'origin' => 'http://localhost',
  'content-type' => 'multipart/form-data; boundary=----WebKitFormBoundaryadXWzs53xojwxpfw',
  'user-agent' => 'Mozilla/5.0 (Windows NT 10.0; Win64; x64) AppleWebKit/537.36 (KHTML, like Gecko) Chrome/89.0.4389.90 Safari/537.36',
  'sec-ch-ua-mobile' => '?0',
  'x-requested-with' => 'XMLHttpRequest',
  'accept' => 'application/json, text/javascript, */*; q=0.01',
  'sec-ch-ua' => '"Google Chrome";v="89", "Chromium";v="89", ";Not A Brand";v="99"',
  'content-length' => '74936',
  'connection' => 'close',
  'host' => 'localhost',
)
[ info ] [ PARAM ] array (
)
[ info ] [ DB ] INIT mysql
[ sql ] [ DB ] CONNECT:[ UseTime:0.000620s ] mysql:host=127.0.0.1;port=3306;dbname=test;charset=utf8
[ sql ] [ SQL ] SHOW COLUMNS FROM `jd_admin_attachment` [ RunTime:0.000595s ]
[ sql ] [ SQL ] SELECT * FROM `jd_admin_attachment` WHERE  `md5` = '53faffb813205d220292765decf9d247' LIMIT 1 [ RunTime:0.000247s ]
---------------------------------------------------------------

[2021-03-31T17:28:50+08:00] ::1 POST localhost/test/public/index.php/report/index/upload.html
[运行时间：0.038115s] [吞吐率：26.24req/s] [内存消耗：4,308.03kb] [文件加载：120]
[ info ] [ LANG ] D:\phpstudy_pro\WWW\test\thinkphp\lang\zh-cn.php
[ info ] [ ROUTE ] array (
)
[ info ] [ HEADER ] array (
  'cookie' => 'PHPSESSID=gjctf61u98fd3tfmc1bvd39b5i; ma___forward__=%2Ftest%2Fpublic%2Fadmin.php%2Fcms%2Fdocument%2Findex.html',
  'accept-language' => 'zh-CN,zh;q=0.9,zh-TW;q=0.8,en-US;q=0.7,en;q=0.6',
  'accept-encoding' => 'gzip, deflate, br',
  'referer' => 'http://localhost/test/public/index.php/report/index/edit.html?id=1',
  'sec-fetch-dest' => 'empty',
  'sec-fetch-mode' => 'cors',
  'sec-fetch-site' => 'same-origin',
  'origin' => 'http://localhost',
  'content-type' => 'multipart/form-data; boundary=----WebKitFormBoundary3zjJj20GnlPd5NFg',
  'user-agent' => 'Mozilla/5.0 (Windows NT 10.0; Win64; x64) AppleWebKit/537.36 (KHTML, like Gecko) Chrome/89.0.4389.90 Safari/537.36',
  'sec-ch-ua-mobile' => '?0',
  'x-requested-with' => 'XMLHttpRequest',
  'accept' => 'application/json, text/javascript, */*; q=0.01',
  'sec-ch-ua' => '"Google Chrome";v="89", "Chromium";v="89", ";Not A Brand";v="99"',
  'content-length' => '156012',
  'connection' => 'close',
  'host' => 'localhost',
)
[ info ] [ PARAM ] array (
)
[ info ] [ DB ] INIT mysql
[ sql ] [ DB ] CONNECT:[ UseTime:0.000609s ] mysql:host=127.0.0.1;port=3306;dbname=test;charset=utf8
[ sql ] [ SQL ] SHOW COLUMNS FROM `jd_admin_attachment` [ RunTime:0.000589s ]
[ sql ] [ SQL ] SELECT * FROM `jd_admin_attachment` WHERE  `md5` = '3c467c7301a99380aa95105b56cb436c' LIMIT 1 [ RunTime:0.000242s ]
---------------------------------------------------------------

[2021-03-31T17:28:52+08:00] ::1 POST localhost/test/public/index.php/report/index/upload.html
[运行时间：0.036589s] [吞吐率：27.33req/s] [内存消耗：4,308.04kb] [文件加载：120]
[ info ] [ LANG ] D:\phpstudy_pro\WWW\test\thinkphp\lang\zh-cn.php
[ info ] [ ROUTE ] array (
)
[ info ] [ HEADER ] array (
  'cookie' => 'PHPSESSID=gjctf61u98fd3tfmc1bvd39b5i; ma___forward__=%2Ftest%2Fpublic%2Fadmin.php%2Fcms%2Fdocument%2Findex.html',
  'accept-language' => 'zh-CN,zh;q=0.9,zh-TW;q=0.8,en-US;q=0.7,en;q=0.6',
  'accept-encoding' => 'gzip, deflate, br',
  'referer' => 'http://localhost/test/public/index.php/report/index/edit.html?id=1',
  'sec-fetch-dest' => 'empty',
  'sec-fetch-mode' => 'cors',
  'sec-fetch-site' => 'same-origin',
  'origin' => 'http://localhost',
  'content-type' => 'multipart/form-data; boundary=----WebKitFormBoundarymnXkHH35xVP7hAW3',
  'user-agent' => 'Mozilla/5.0 (Windows NT 10.0; Win64; x64) AppleWebKit/537.36 (KHTML, like Gecko) Chrome/89.0.4389.90 Safari/537.36',
  'sec-ch-ua-mobile' => '?0',
  'x-requested-with' => 'XMLHttpRequest',
  'accept' => 'application/json, text/javascript, */*; q=0.01',
  'sec-ch-ua' => '"Google Chrome";v="89", "Chromium";v="89", ";Not A Brand";v="99"',
  'content-length' => '74936',
  'connection' => 'close',
  'host' => 'localhost',
)
[ info ] [ PARAM ] array (
)
[ info ] [ DB ] INIT mysql
[ sql ] [ DB ] CONNECT:[ UseTime:0.000605s ] mysql:host=127.0.0.1;port=3306;dbname=test;charset=utf8
[ sql ] [ SQL ] SHOW COLUMNS FROM `jd_admin_attachment` [ RunTime:0.000588s ]
[ sql ] [ SQL ] SELECT * FROM `jd_admin_attachment` WHERE  `md5` = '53faffb813205d220292765decf9d247' LIMIT 1 [ RunTime:0.000243s ]
---------------------------------------------------------------

[2021-03-31T17:29:00+08:00] ::1 POST localhost/test/public/index.php/report/index/upload.html
[运行时间：0.043053s] [吞吐率：23.23req/s] [内存消耗：4,306.73kb] [文件加载：120]
[ info ] [ LANG ] D:\phpstudy_pro\WWW\test\thinkphp\lang\zh-cn.php
[ info ] [ ROUTE ] array (
)
[ info ] [ HEADER ] array (
  'cookie' => 'PHPSESSID=gjctf61u98fd3tfmc1bvd39b5i; ma___forward__=%2Ftest%2Fpublic%2Fadmin.php%2Fcms%2Fdocument%2Findex.html',
  'accept-language' => 'zh-CN,zh;q=0.9,zh-TW;q=0.8,en-US;q=0.7,en;q=0.6',
  'accept-encoding' => 'gzip, deflate, br',
  'referer' => 'http://localhost/test/public/index.php/report/index/edit.html?id=1',
  'sec-fetch-dest' => 'empty',
  'sec-fetch-mode' => 'cors',
  'sec-fetch-site' => 'same-origin',
  'origin' => 'http://localhost',
  'content-type' => 'multipart/form-data; boundary=----WebKitFormBoundaryTKxuor8lW2nZmUwD',
  'user-agent' => 'Mozilla/5.0 (iPhone; CPU iPhone OS 13_2_3 like Mac OS X) AppleWebKit/605.1.15 (KHTML, like Gecko) Version/13.0.3 Mobile/15E148 Safari/604.1',
  'x-requested-with' => 'XMLHttpRequest',
  'accept' => 'application/json, text/javascript, */*; q=0.01',
  'content-length' => '156012',
  'connection' => 'close',
  'host' => 'localhost',
)
[ info ] [ PARAM ] array (
)
[ info ] [ DB ] INIT mysql
[ sql ] [ DB ] CONNECT:[ UseTime:0.000643s ] mysql:host=127.0.0.1;port=3306;dbname=test;charset=utf8
[ sql ] [ SQL ] SHOW COLUMNS FROM `jd_admin_attachment` [ RunTime:0.000592s ]
[ sql ] [ SQL ] SELECT * FROM `jd_admin_attachment` WHERE  `md5` = '3c467c7301a99380aa95105b56cb436c' LIMIT 1 [ RunTime:0.000245s ]
---------------------------------------------------------------

[2021-03-31T17:29:03+08:00] ::1 POST localhost/test/public/index.php/report/index/upload.html
[运行时间：0.036685s] [吞吐率：27.26req/s] [内存消耗：4,306.72kb] [文件加载：120]
[ info ] [ LANG ] D:\phpstudy_pro\WWW\test\thinkphp\lang\zh-cn.php
[ info ] [ ROUTE ] array (
)
[ info ] [ HEADER ] array (
  'cookie' => 'PHPSESSID=gjctf61u98fd3tfmc1bvd39b5i; ma___forward__=%2Ftest%2Fpublic%2Fadmin.php%2Fcms%2Fdocument%2Findex.html',
  'accept-language' => 'zh-CN,zh;q=0.9,zh-TW;q=0.8,en-US;q=0.7,en;q=0.6',
  'accept-encoding' => 'gzip, deflate, br',
  'referer' => 'http://localhost/test/public/index.php/report/index/edit.html?id=1',
  'sec-fetch-dest' => 'empty',
  'sec-fetch-mode' => 'cors',
  'sec-fetch-site' => 'same-origin',
  'origin' => 'http://localhost',
  'content-type' => 'multipart/form-data; boundary=----WebKitFormBoundaryret93CrClRrshDLN',
  'user-agent' => 'Mozilla/5.0 (iPhone; CPU iPhone OS 13_2_3 like Mac OS X) AppleWebKit/605.1.15 (KHTML, like Gecko) Version/13.0.3 Mobile/15E148 Safari/604.1',
  'x-requested-with' => 'XMLHttpRequest',
  'accept' => 'application/json, text/javascript, */*; q=0.01',
  'content-length' => '74936',
  'connection' => 'close',
  'host' => 'localhost',
)
[ info ] [ PARAM ] array (
)
[ info ] [ DB ] INIT mysql
[ sql ] [ DB ] CONNECT:[ UseTime:0.000600s ] mysql:host=127.0.0.1;port=3306;dbname=test;charset=utf8
[ sql ] [ SQL ] SHOW COLUMNS FROM `jd_admin_attachment` [ RunTime:0.000596s ]
[ sql ] [ SQL ] SELECT * FROM `jd_admin_attachment` WHERE  `md5` = '53faffb813205d220292765decf9d247' LIMIT 1 [ RunTime:0.000242s ]
---------------------------------------------------------------

[2021-03-31T17:50:38+08:00] ::1 GET localhost/test/public/index.php/report/index/edit.html?id=1
[运行时间：0.067096s] [吞吐率：14.90req/s] [内存消耗：4,263.03kb] [文件加载：118]
[ info ] [ LANG ] D:\phpstudy_pro\WWW\test\thinkphp\lang\zh-cn.php
[ info ] [ ROUTE ] array (
)
[ info ] [ HEADER ] array (
  'cookie' => 'PHPSESSID=gjctf61u98fd3tfmc1bvd39b5i; ma___forward__=%2Ftest%2Fpublic%2Fadmin.php%2Fcms%2Fdocument%2Findex.html',
  'accept-language' => 'zh-CN,zh;q=0.9,zh-TW;q=0.8,en-US;q=0.7,en;q=0.6',
  'accept-encoding' => 'gzip, deflate, br',
  'referer' => 'http://localhost/test/public/index.php/report/index/grzx/number/13023777137.html',
  'sec-fetch-dest' => 'document',
  'sec-fetch-user' => '?1',
  'sec-fetch-mode' => 'navigate',
  'sec-fetch-site' => 'same-origin',
  'accept' => 'text/html,application/xhtml+xml,application/xml;q=0.9,image/avif,image/webp,image/apng,*/*;q=0.8,application/signed-exchange;v=b3;q=0.9',
  'user-agent' => 'Mozilla/5.0 (iPhone; CPU iPhone OS 13_2_3 like Mac OS X) AppleWebKit/605.1.15 (KHTML, like Gecko) Version/13.0.3 Mobile/15E148 Safari/604.1',
  'upgrade-insecure-requests' => '1',
  'cache-control' => 'max-age=0',
  'connection' => 'close',
  'host' => 'localhost',
)
[ info ] [ PARAM ] array (
  'id' => '1',
)
[ info ] [ DB ] INIT mysql
[ info ] [ VIEW ] D:\phpstudy_pro\WWW\test\application\report\view\index\edit.html [ array (
  0 => '_admin_base_layout',
  1 => 'system_color',
  2 => '_pop',
  3 => 'res',
) ]
[ sql ] [ DB ] CONNECT:[ UseTime:0.022776s ] mysql:host=127.0.0.1;port=3306;dbname=test;charset=utf8
[ sql ] [ SQL ] SHOW COLUMNS FROM `jd_report_online` [ RunTime:0.000745s ]
[ sql ] [ SQL ] SELECT * FROM `jd_report_online` WHERE  `id` = 1 [ RunTime:0.000449s ]
---------------------------------------------------------------

[2021-03-31T17:57:15+08:00] ::1 GET localhost/test/public/index.php/report/index/edit.html?id=1
[运行时间：0.043819s] [吞吐率：22.82req/s] [内存消耗：4,231.54kb] [文件加载：118]
[ info ] [ LANG ] D:\phpstudy_pro\WWW\test\thinkphp\lang\zh-cn.php
[ info ] [ ROUTE ] array (
)
[ info ] [ HEADER ] array (
  'cookie' => 'PHPSESSID=gjctf61u98fd3tfmc1bvd39b5i; ma___forward__=%2Ftest%2Fpublic%2Fadmin.php%2Fcms%2Fdocument%2Findex.html',
  'accept-language' => 'zh-CN,zh;q=0.9,zh-TW;q=0.8,en-US;q=0.7,en;q=0.6',
  'accept-encoding' => 'gzip, deflate, br',
  'referer' => 'http://localhost/test/public/index.php/report/index/grzx/number/13023777137.html',
  'sec-fetch-dest' => 'document',
  'sec-fetch-user' => '?1',
  'sec-fetch-mode' => 'navigate',
  'sec-fetch-site' => 'same-origin',
  'accept' => 'text/html,application/xhtml+xml,application/xml;q=0.9,image/avif,image/webp,image/apng,*/*;q=0.8,application/signed-exchange;v=b3;q=0.9',
  'user-agent' => 'Mozilla/5.0 (iPhone; CPU iPhone OS 13_2_3 like Mac OS X) AppleWebKit/605.1.15 (KHTML, like Gecko) Version/13.0.3 Mobile/15E148 Safari/604.1',
  'upgrade-insecure-requests' => '1',
  'cache-control' => 'max-age=0',
  'connection' => 'close',
  'host' => 'localhost',
)
[ info ] [ PARAM ] array (
  'id' => '1',
)
[ info ] [ DB ] INIT mysql
[ sql ] [ DB ] CONNECT:[ UseTime:0.000938s ] mysql:host=127.0.0.1;port=3306;dbname=test;charset=utf8
[ sql ] [ SQL ] SHOW COLUMNS FROM `jd_report_online` [ RunTime:0.000657s ]
[ sql ] [ SQL ] SELECT * FROM `jd_report_online` WHERE  `id` = 1 [ RunTime:0.000334s ]
[ error ] [8]未定义数组索引: report_img[D:\phpstudy_pro\WWW\test\application\report\home\Index.php:187]
---------------------------------------------------------------

[2021-03-31T17:57:38+08:00] ::1 GET localhost/test/public/index.php/report/index/edit.html?id=1
[运行时间：0.110334s] [吞吐率：9.06req/s] [内存消耗：4,432.20kb] [文件加载：118]
[ info ] [ LANG ] D:\phpstudy_pro\WWW\test\thinkphp\lang\zh-cn.php
[ info ] [ ROUTE ] array (
)
[ info ] [ HEADER ] array (
  'cookie' => 'PHPSESSID=gjctf61u98fd3tfmc1bvd39b5i; ma___forward__=%2Ftest%2Fpublic%2Fadmin.php%2Fcms%2Fdocument%2Findex.html',
  'accept-language' => 'zh-CN,zh;q=0.9,zh-TW;q=0.8,en-US;q=0.7,en;q=0.6',
  'accept-encoding' => 'gzip, deflate, br',
  'referer' => 'http://localhost/test/public/index.php/report/index/grzx/number/13023777137.html',
  'sec-fetch-dest' => 'document',
  'sec-fetch-user' => '?1',
  'sec-fetch-mode' => 'navigate',
  'sec-fetch-site' => 'same-origin',
  'accept' => 'text/html,application/xhtml+xml,application/xml;q=0.9,image/avif,image/webp,image/apng,*/*;q=0.8,application/signed-exchange;v=b3;q=0.9',
  'user-agent' => 'Mozilla/5.0 (Windows NT 10.0; Win64; x64) AppleWebKit/537.36 (KHTML, like Gecko) Chrome/89.0.4389.90 Safari/537.36',
  'upgrade-insecure-requests' => '1',
  'sec-ch-ua-mobile' => '?0',
  'sec-ch-ua' => '"Google Chrome";v="89", "Chromium";v="89", ";Not A Brand";v="99"',
  'cache-control' => 'max-age=0',
  'connection' => 'close',
  'host' => 'localhost',
)
[ info ] [ PARAM ] array (
  'id' => '1',
)
[ info ] [ DB ] INIT mysql
[ info ] [ DB ] INIT mysql
[ info ] [ DB ] INIT mysql
[ info ] [ DB ] INIT mysql
[ sql ] [ DB ] CONNECT:[ UseTime:0.024500s ] mysql:host=127.0.0.1;port=3306;dbname=test;charset=utf8
[ sql ] [ SQL ] SHOW COLUMNS FROM `jd_report_online` [ RunTime:0.000684s ]
[ sql ] [ SQL ] SELECT * FROM `jd_report_online` WHERE  `id` = 1 [ RunTime:0.000344s ]
[ sql ] [ DB ] CONNECT:[ UseTime:0.014741s ] mysql:host=127.0.0.1;port=3306;dbname=test;charset=utf8
[ sql ] [ SQL ] SHOW COLUMNS FROM `jd_admin_attachment` [ RunTime:0.000624s ]
[ sql ] [ SQL ] SELECT `path` FROM `jd_admin_attachment` WHERE  `id` = 3 LIMIT 1 [ RunTime:0.000237s ]
[ sql ] [ DB ] CONNECT:[ UseTime:0.013932s ] mysql:host=127.0.0.1;port=3306;dbname=test;charset=utf8
[ sql ] [ SQL ] SELECT `path` FROM `jd_admin_attachment` WHERE  `id` = 0 LIMIT 1 [ RunTime:0.000224s ]
[ error ] [8]未定义数组下标: 2[D:\phpstudy_pro\WWW\test\application\report\home\Index.php:190]
---------------------------------------------------------------

[2021-03-31T17:58:22+08:00] ::1 GET localhost/test/public/index.php/report/index/edit.html?id=1
[运行时间：0.041966s] [吞吐率：23.83req/s] [内存消耗：4,434.70kb] [文件加载：119]
[ info ] [ LANG ] D:\phpstudy_pro\WWW\test\thinkphp\lang\zh-cn.php
[ info ] [ ROUTE ] array (
)
[ info ] [ HEADER ] array (
  'cookie' => 'PHPSESSID=gjctf61u98fd3tfmc1bvd39b5i; ma___forward__=%2Ftest%2Fpublic%2Fadmin.php%2Fcms%2Fdocument%2Findex.html',
  'accept-language' => 'zh-CN,zh;q=0.9,zh-TW;q=0.8,en-US;q=0.7,en;q=0.6',
  'accept-encoding' => 'gzip, deflate, br',
  'referer' => 'http://localhost/test/public/index.php/report/index/grzx/number/13023777137.html',
  'sec-fetch-dest' => 'document',
  'sec-fetch-user' => '?1',
  'sec-fetch-mode' => 'navigate',
  'sec-fetch-site' => 'same-origin',
  'accept' => 'text/html,application/xhtml+xml,application/xml;q=0.9,image/avif,image/webp,image/apng,*/*;q=0.8,application/signed-exchange;v=b3;q=0.9',
  'user-agent' => 'Mozilla/5.0 (Windows NT 10.0; Win64; x64) AppleWebKit/537.36 (KHTML, like Gecko) Chrome/89.0.4389.90 Safari/537.36',
  'upgrade-insecure-requests' => '1',
  'sec-ch-ua-mobile' => '?0',
  'sec-ch-ua' => '"Google Chrome";v="89", "Chromium";v="89", ";Not A Brand";v="99"',
  'cache-control' => 'max-age=0',
  'connection' => 'close',
  'host' => 'localhost',
)
[ info ] [ PARAM ] array (
  'id' => '1',
)
[ info ] [ DB ] INIT mysql
[ info ] [ DB ] INIT mysql
[ info ] [ DB ] INIT mysql
[ info ] [ DB ] INIT mysql
[ sql ] [ DB ] CONNECT:[ UseTime:0.000749s ] mysql:host=127.0.0.1;port=3306;dbname=test;charset=utf8
[ sql ] [ SQL ] SHOW COLUMNS FROM `jd_report_online` [ RunTime:0.000651s ]
[ sql ] [ SQL ] SELECT * FROM `jd_report_online` WHERE  `id` = 1 [ RunTime:0.000286s ]
[ sql ] [ DB ] CONNECT:[ UseTime:0.000702s ] mysql:host=127.0.0.1;port=3306;dbname=test;charset=utf8
[ sql ] [ SQL ] SHOW COLUMNS FROM `jd_admin_attachment` [ RunTime:0.000660s ]
[ sql ] [ SQL ] SELECT `path` FROM `jd_admin_attachment` WHERE  `id` = 3 LIMIT 1 [ RunTime:0.000255s ]
[ sql ] [ DB ] CONNECT:[ UseTime:0.000541s ] mysql:host=127.0.0.1;port=3306;dbname=test;charset=utf8
[ sql ] [ SQL ] SELECT `path` FROM `jd_admin_attachment` WHERE  `id` = 0 LIMIT 1 [ RunTime:0.000226s ]
[ error ] [8]未定义数组下标: 2[D:\phpstudy_pro\WWW\test\application\report\home\Index.php:191]
---------------------------------------------------------------

[2021-03-31T17:58:25+08:00] ::1 GET localhost/test/public/index.php/report/index/edit.html?id=1
[运行时间：0.091122s] [吞吐率：10.97req/s] [内存消耗：4,434.69kb] [文件加载：119]
[ info ] [ LANG ] D:\phpstudy_pro\WWW\test\thinkphp\lang\zh-cn.php
[ info ] [ ROUTE ] array (
)
[ info ] [ HEADER ] array (
  'cookie' => 'PHPSESSID=gjctf61u98fd3tfmc1bvd39b5i; ma___forward__=%2Ftest%2Fpublic%2Fadmin.php%2Fcms%2Fdocument%2Findex.html',
  'accept-language' => 'zh-CN,zh;q=0.9,zh-TW;q=0.8,en-US;q=0.7,en;q=0.6',
  'accept-encoding' => 'gzip, deflate, br',
  'referer' => 'http://localhost/test/public/index.php/report/index/grzx/number/13023777137.html',
  'sec-fetch-dest' => 'document',
  'sec-fetch-user' => '?1',
  'sec-fetch-mode' => 'navigate',
  'sec-fetch-site' => 'same-origin',
  'accept' => 'text/html,application/xhtml+xml,application/xml;q=0.9,image/avif,image/webp,image/apng,*/*;q=0.8,application/signed-exchange;v=b3;q=0.9',
  'user-agent' => 'Mozilla/5.0 (Windows NT 10.0; Win64; x64) AppleWebKit/537.36 (KHTML, like Gecko) Chrome/89.0.4389.90 Safari/537.36',
  'upgrade-insecure-requests' => '1',
  'sec-ch-ua-mobile' => '?0',
  'sec-ch-ua' => '"Google Chrome";v="89", "Chromium";v="89", ";Not A Brand";v="99"',
  'cache-control' => 'max-age=0',
  'connection' => 'close',
  'host' => 'localhost',
)
[ info ] [ PARAM ] array (
  'id' => '1',
)
[ info ] [ DB ] INIT mysql
[ info ] [ DB ] INIT mysql
[ info ] [ DB ] INIT mysql
[ info ] [ DB ] INIT mysql
[ sql ] [ DB ] CONNECT:[ UseTime:0.022900s ] mysql:host=127.0.0.1;port=3306;dbname=test;charset=utf8
[ sql ] [ SQL ] SHOW COLUMNS FROM `jd_report_online` [ RunTime:0.000597s ]
[ sql ] [ SQL ] SELECT * FROM `jd_report_online` WHERE  `id` = 1 [ RunTime:0.000260s ]
[ sql ] [ DB ] CONNECT:[ UseTime:0.014577s ] mysql:host=127.0.0.1;port=3306;dbname=test;charset=utf8
[ sql ] [ SQL ] SHOW COLUMNS FROM `jd_admin_attachment` [ RunTime:0.000713s ]
[ sql ] [ SQL ] SELECT `path` FROM `jd_admin_attachment` WHERE  `id` = 3 LIMIT 1 [ RunTime:0.000246s ]
[ sql ] [ DB ] CONNECT:[ UseTime:0.014714s ] mysql:host=127.0.0.1;port=3306;dbname=test;charset=utf8
[ sql ] [ SQL ] SELECT `path` FROM `jd_admin_attachment` WHERE  `id` = 0 LIMIT 1 [ RunTime:0.000283s ]
[ error ] [8]未定义数组下标: 2[D:\phpstudy_pro\WWW\test\application\report\home\Index.php:191]
---------------------------------------------------------------

[2021-03-31T17:58:37+08:00] ::1 GET localhost/test/public/index.php/report/index/edit.html?id=1
[运行时间：0.122026s] [吞吐率：8.19req/s] [内存消耗：4,546.67kb] [文件加载：121]
[ info ] [ LANG ] D:\phpstudy_pro\WWW\test\thinkphp\lang\zh-cn.php
[ info ] [ ROUTE ] array (
)
[ info ] [ HEADER ] array (
  'cookie' => 'PHPSESSID=gjctf61u98fd3tfmc1bvd39b5i; ma___forward__=%2Ftest%2Fpublic%2Fadmin.php%2Fcms%2Fdocument%2Findex.html',
  'accept-language' => 'zh-CN,zh;q=0.9,zh-TW;q=0.8,en-US;q=0.7,en;q=0.6',
  'accept-encoding' => 'gzip, deflate, br',
  'referer' => 'http://localhost/test/public/index.php/report/index/grzx/number/13023777137.html',
  'sec-fetch-dest' => 'document',
  'sec-fetch-user' => '?1',
  'sec-fetch-mode' => 'navigate',
  'sec-fetch-site' => 'same-origin',
  'accept' => 'text/html,application/xhtml+xml,application/xml;q=0.9,image/avif,image/webp,image/apng,*/*;q=0.8,application/signed-exchange;v=b3;q=0.9',
  'user-agent' => 'Mozilla/5.0 (Windows NT 10.0; Win64; x64) AppleWebKit/537.36 (KHTML, like Gecko) Chrome/89.0.4389.90 Safari/537.36',
  'upgrade-insecure-requests' => '1',
  'sec-ch-ua-mobile' => '?0',
  'sec-ch-ua' => '"Google Chrome";v="89", "Chromium";v="89", ";Not A Brand";v="99"',
  'cache-control' => 'max-age=0',
  'connection' => 'close',
  'host' => 'localhost',
)
[ info ] [ PARAM ] array (
  'id' => '1',
)
[ info ] [ DB ] INIT mysql
[ info ] [ DB ] INIT mysql
[ info ] [ VIEW ] D:\phpstudy_pro\WWW\test\application\report\view\index\edit.html [ array (
  0 => '_admin_base_layout',
  1 => 'system_color',
  2 => '_pop',
  3 => 'res',
  4 => 'img',
) ]
[ sql ] [ DB ] CONNECT:[ UseTime:0.013177s ] mysql:host=127.0.0.1;port=3306;dbname=test;charset=utf8
[ sql ] [ SQL ] SHOW COLUMNS FROM `jd_report_online` [ RunTime:0.000626s ]
[ sql ] [ SQL ] SELECT * FROM `jd_report_online` WHERE  `id` = 1 [ RunTime:0.000302s ]
[ sql ] [ DB ] CONNECT:[ UseTime:0.014648s ] mysql:host=127.0.0.1;port=3306;dbname=test;charset=utf8
[ sql ] [ SQL ] SHOW COLUMNS FROM `jd_admin_attachment` [ RunTime:0.000512s ]
[ sql ] [ SQL ] SELECT `path` FROM `jd_admin_attachment` WHERE  `id` = 3 LIMIT 1 [ RunTime:0.000211s ]
[ sql ] [ SQL ] SELECT * FROM `jd_admin_attachment` WHERE  `id` = uploads/images/20210331/0f70dcb054041b30c8a2cd2918f64d65.jpeg LIMIT 1 [ RunTime:0.000384s ]
---------------------------------------------------------------

[2021-03-31T18:00:42+08:00] ::1 GET localhost/test/public/index.php/report/index/edit.html?id=1
[运行时间：0.080246s] [吞吐率：12.46req/s] [内存消耗：4,396.83kb] [文件加载：120]
[ info ] [ LANG ] D:\phpstudy_pro\WWW\test\thinkphp\lang\zh-cn.php
[ info ] [ ROUTE ] array (
)
[ info ] [ HEADER ] array (
  'cookie' => 'PHPSESSID=gjctf61u98fd3tfmc1bvd39b5i; ma___forward__=%2Ftest%2Fpublic%2Fadmin.php%2Fcms%2Fdocument%2Findex.html',
  'accept-language' => 'zh-CN,zh;q=0.9,zh-TW;q=0.8,en-US;q=0.7,en;q=0.6',
  'accept-encoding' => 'gzip, deflate, br',
  'referer' => 'http://localhost/test/public/index.php/report/index/grzx/number/13023777137.html',
  'sec-fetch-dest' => 'document',
  'sec-fetch-user' => '?1',
  'sec-fetch-mode' => 'navigate',
  'sec-fetch-site' => 'same-origin',
  'accept' => 'text/html,application/xhtml+xml,application/xml;q=0.9,image/avif,image/webp,image/apng,*/*;q=0.8,application/signed-exchange;v=b3;q=0.9',
  'user-agent' => 'Mozilla/5.0 (Windows NT 10.0; Win64; x64) AppleWebKit/537.36 (KHTML, like Gecko) Chrome/89.0.4389.90 Safari/537.36',
  'upgrade-insecure-requests' => '1',
  'sec-ch-ua-mobile' => '?0',
  'sec-ch-ua' => '"Google Chrome";v="89", "Chromium";v="89", ";Not A Brand";v="99"',
  'cache-control' => 'max-age=0',
  'connection' => 'close',
  'host' => 'localhost',
)
[ info ] [ PARAM ] array (
  'id' => '1',
)
[ info ] [ DB ] INIT mysql
[ info ] [ DB ] INIT mysql
[ info ] [ VIEW ] D:\phpstudy_pro\WWW\test\application\report\view\index\edit.html [ array (
  0 => '_admin_base_layout',
  1 => 'system_color',
  2 => '_pop',
  3 => 'res',
  4 => 'img',
) ]
[ sql ] [ DB ] CONNECT:[ UseTime:0.015734s ] mysql:host=127.0.0.1;port=3306;dbname=test;charset=utf8
[ sql ] [ SQL ] SHOW COLUMNS FROM `jd_report_online` [ RunTime:0.000679s ]
[ sql ] [ SQL ] SELECT * FROM `jd_report_online` WHERE  `id` = 1 [ RunTime:0.000368s ]
[ sql ] [ DB ] CONNECT:[ UseTime:0.000728s ] mysql:host=127.0.0.1;port=3306;dbname=test;charset=utf8
[ sql ] [ SQL ] SHOW COLUMNS FROM `jd_admin_attachment` [ RunTime:0.000540s ]
[ sql ] [ SQL ] SELECT `path` FROM `jd_admin_attachment` WHERE  `id` = 3 LIMIT 1 [ RunTime:0.000247s ]
[ sql ] [ SQL ] SELECT * FROM `jd_admin_attachment` WHERE  `id` = uploads/images/20210331/0f70dcb054041b30c8a2cd2918f64d65.jpeg LIMIT 1 [ RunTime:0.000222s ]
---------------------------------------------------------------

[2021-03-31T18:00:43+08:00] ::1 GET localhost/test/public/index.php/report/index/edit.html?id=1
[运行时间：0.041085s] [吞吐率：24.34req/s] [内存消耗：4,396.84kb] [文件加载：120]
[ info ] [ LANG ] D:\phpstudy_pro\WWW\test\thinkphp\lang\zh-cn.php
[ info ] [ ROUTE ] array (
)
[ info ] [ HEADER ] array (
  'cookie' => 'PHPSESSID=gjctf61u98fd3tfmc1bvd39b5i; ma___forward__=%2Ftest%2Fpublic%2Fadmin.php%2Fcms%2Fdocument%2Findex.html',
  'accept-language' => 'zh-CN,zh;q=0.9,zh-TW;q=0.8,en-US;q=0.7,en;q=0.6',
  'accept-encoding' => 'gzip, deflate, br',
  'referer' => 'http://localhost/test/public/index.php/report/index/grzx/number/13023777137.html',
  'sec-fetch-dest' => 'document',
  'sec-fetch-user' => '?1',
  'sec-fetch-mode' => 'navigate',
  'sec-fetch-site' => 'same-origin',
  'accept' => 'text/html,application/xhtml+xml,application/xml;q=0.9,image/avif,image/webp,image/apng,*/*;q=0.8,application/signed-exchange;v=b3;q=0.9',
  'user-agent' => 'Mozilla/5.0 (Windows NT 10.0; Win64; x64) AppleWebKit/537.36 (KHTML, like Gecko) Chrome/89.0.4389.90 Safari/537.36',
  'upgrade-insecure-requests' => '1',
  'sec-ch-ua-mobile' => '?0',
  'sec-ch-ua' => '"Google Chrome";v="89", "Chromium";v="89", ";Not A Brand";v="99"',
  'cache-control' => 'max-age=0',
  'connection' => 'close',
  'host' => 'localhost',
)
[ info ] [ PARAM ] array (
  'id' => '1',
)
[ info ] [ DB ] INIT mysql
[ info ] [ DB ] INIT mysql
[ info ] [ VIEW ] D:\phpstudy_pro\WWW\test\application\report\view\index\edit.html [ array (
  0 => '_admin_base_layout',
  1 => 'system_color',
  2 => '_pop',
  3 => 'res',
  4 => 'img',
) ]
[ sql ] [ DB ] CONNECT:[ UseTime:0.000614s ] mysql:host=127.0.0.1;port=3306;dbname=test;charset=utf8
[ sql ] [ SQL ] SHOW COLUMNS FROM `jd_report_online` [ RunTime:0.000588s ]
[ sql ] [ SQL ] SELECT * FROM `jd_report_online` WHERE  `id` = 1 [ RunTime:0.000235s ]
[ sql ] [ DB ] CONNECT:[ UseTime:0.000431s ] mysql:host=127.0.0.1;port=3306;dbname=test;charset=utf8
[ sql ] [ SQL ] SHOW COLUMNS FROM `jd_admin_attachment` [ RunTime:0.000498s ]
[ sql ] [ SQL ] SELECT `path` FROM `jd_admin_attachment` WHERE  `id` = 3 LIMIT 1 [ RunTime:0.000189s ]
[ sql ] [ SQL ] SELECT * FROM `jd_admin_attachment` WHERE  `id` = uploads/images/20210331/0f70dcb054041b30c8a2cd2918f64d65.jpeg LIMIT 1 [ RunTime:0.000335s ]
